<?xml version="1.0" encoding="UTF-8"?>
<!-- Generated by org.testng.reporters.JUnitReportReporter -->
<testsuite skipped="0" hostname="DESKTOP-GI36MBF" name="com.functionaltesting.TestExecution" tests="5" failures="0" timestamp="26 Sep 2020 16:02:02 GMT" time="10.279" errors="0">
  <testcase name="test01" time="8.621" classname="com.functionaltesting.TestExecution"/>
  <testcase name="test02" time="1.656" classname="com.functionaltesting.TestExecution"/>
  <testcase name="test03" time="0.000" classname="com.functionaltesting.TestExecution"/>
  <testcase name="test04" time="0.001" classname="com.functionaltesting.TestExecution"/>
  <testcase name="test05" time="0.001" classname="com.functionaltesting.TestExecution"/>
</testsuite> <!-- com.functionaltesting.TestExecution -->
